Connected

   ____    __
  / __/___/ /  ___
 / _// __/ _ \/ _ \
/___/\__/_//_/\___/ v4.1.16
High performance, minimalist Go web framework
https://echo.labstack.com
____________________________________O/_______
                                    O\
⇨ http server started on [::]:1234

   ____    __
  / __/___/ /  ___
 / _// __/ _ \/ _ \
/___/\__/_//_/\___/ v4.1.16
High performance, minimalist Go web framework
https://echo.labstack.com
____________________________________O/_______
                                    O\
⇨ http server started on [::]:80

   ____    __
  / __/___/ /  ___
 / _// __/ _ \/ _ \
/___/\__/_//_/\___/ v4.1.16
High performance, minimalist Go web framework
https://echo.labstack.com
____________________________________O/_______
                                    O\
⇨ https server started on [::]:443
;pwn.bar.	IN	 A
;tt.tt.pwn.bar.	IN	 A
;tt.tt.pwn.bar.	IN	 A
;tt.tt.pwn.bar.	IN	 A
;tt.tt.pwn.bar.	IN	 A
;tt.tt.pwn.bar.	IN	 A
;tt.tt.pwn.bar.	IN	 A
;tt.tt.pwn.bar.	IN	 A
;tt.tt.pwn.bar.	IN	 A
;tt.tt.pwn.bar.	IN	 A
;tt.tt.pwn.bar.	IN	 A
2020/08/05 15:40:25 fail tt.tt.pwn.bar.
2020/08/05 15:40:26 fail tt.tt.pwn.bar.
2020/08/05 15:40:26 fail tt.tt.pwn.bar.
2020/08/05 15:40:26 fail tt.tt.pwn.bar.
2020/08/05 15:40:27 fail tt.tt.pwn.bar.
2020/08/05 15:40:27 fail tt.tt.pwn.bar.
2020/08/05 15:40:28 fail tt.tt.pwn.bar.
2020/08/05 15:40:29 fail tt.tt.pwn.bar.
2020/08/05 15:40:31 fail tt.tt.pwn.bar.
2020/08/05 15:40:32 fail tt.tt.pwn.bar.
Connected

   ____    __
  / __/___/ /  ___
 / _// __/ _ \/ _ \
/___/\__/_//_/\___/ v4.1.16
High performance, minimalist Go web framework
https://echo.labstack.com
____________________________________O/_______
                                    O\
⇨ http server started on [::]:80

   ____    __
  / __/___/ /  ___
 / _// __/ _ \/ _ \
/___/\__/_//_/\___/ v4.1.16
High performance, minimalist Go web framework
https://echo.labstack.com
____________________________________O/_______
                                    O\
⇨ http server started on [::]:1234
